<?xml version="1.0" encoding="UTF-8"?>
<!-- Generated by org.testng.reporters.JUnitReportReporter -->
<testsuite hostname="DESKTOP-707FQN2" failures="0" tests="1" name="Tests_POST" time="2.420" errors="0" timestamp="2025-01-05T20:43:17 EET" skipped="0">
  <testcase classname="Tests_POST" name="Test" time="2.420"/>
  <system-out/>
</testsuite> <!-- Tests_POST -->
