<?xml version="1.0" encoding="UTF-8"?>
<!-- Generated by org.testng.reporters.JUnitReportReporter -->
<testsuite hostname="DESKTOP-707FQN2" failures="0" tests="1" name="Update_User" time="1.807" errors="0" timestamp="2024-01-14T17:36:29 EET" skipped="0">
  <testcase classname="Update_User" name="Update_User" time="1.807"/>
</testsuite> <!-- Update_User -->
