<?xml version="1.0" encoding="UTF-8"?>
<!-- Generated by org.testng.reporters.JUnitReportReporter -->
<testsuite hostname="DESKTOP-707FQN2" failures="0" tests="1" name="Create_User" time="1.820" errors="0" timestamp="2024-01-14T17:33:45 EET" skipped="0">
  <testcase classname="Create_User" name="Create_User" time="1.820"/>
</testsuite> <!-- Create_User -->
